This file contains any messages produced by compilers while
running configure, to aid debugging if configure makes a mistake.

It was created by Caja-Actions configure 2.30.3, which was
generated by GNU Autoconf 2.63.  Invocation command line was

  $ ./configure --host=x86_64-unknown-linux-gnu --build=x86_64-unknown-linux-gnu --target=x86_64-unknown-linux-gnu --program-prefix= --prefix=/usr --exec-prefix=/usr --bindir=/usr/bin --sbindir=/usr/sbin --sysconfdir=/etc --datadir=/usr/share --includedir=/usr/include --libdir=/usr/lib64 --libexecdir=/usr/libexec --localstatedir=/var --sharedstatedir=/var/lib --mandir=/usr/share/man --infodir=/usr/share/info --enable-compile-warnings=minimum

## --------- ##
## Platform. ##
## --------- ##

hostname = mother
uname -m = x86_64
uname -r = 3.2.1-3.fc16.x86_64
uname -s = Linux
uname -v = #1 SMP Mon Jan 23 15:36:17 UTC 2012

/usr/bin/uname -p = unknown
/bin/uname -X     = unknown

/bin/arch              = x86_64
/usr/bin/arch -k       = unknown
/usr/convex/getsysinfo = unknown
/usr/bin/hostinfo      = unknown
/bin/machine           = unknown
/usr/bin/oslevel       = unknown
/bin/universe          = unknown

PATH: /usr/lib64/qt-3.3/bin
PATH: /usr/local/bin
PATH: /usr/bin
PATH: /bin
PATH: /usr/local/sbin
PATH: /usr/sbin
PATH: /sbin
PATH: /home/rave/.local/bin
PATH: /home/rave/bin


## ----------- ##
## Core tests. ##
## ----------- ##

configure:2162: checking build system type
configure:2180: result: x86_64-unknown-linux-gnu
configure:2202: checking host system type
configure:2217: result: x86_64-unknown-linux-gnu
configure:2239: checking target system type
configure:2254: result: x86_64-unknown-linux-gnu
configure:2298: checking for a BSD-compatible install
configure:2366: result: /usr/bin/install -c
configure:2377: checking whether build environment is sane
configure:2437: result: yes
configure:2578: checking for a thread-safe mkdir -p
configure:2617: result: /bin/mkdir -p
configure:2630: checking for gawk
configure:2646: found /usr/bin/gawk
configure:2657: result: gawk
configure:2668: checking whether make sets $(MAKE)
configure:2690: result: yes
configure:2790: checking whether to enable maintainer-specific portions of Makefiles
configure:2799: result: no
configure:2822: checking for x86_64-unknown-linux-gnu-gcc
configure:2852: result: no
configure:2862: checking for gcc
configure:2878: found /usr/bin/gcc
configure:2889: result: gcc
configure:3121: checking for C compiler version
configure:3129: gcc --version >&5
gcc (GCC) 4.6.2 20111027 (Red Hat 4.6.2-1)
Copyright (C) 2011 Free Software Foundation, Inc.
This is free software; see the source for copying conditions.  There is NO
warranty; not even for MERCHANTABILITY or FITNESS FOR A PARTICULAR PURPOSE.

configure:3133: $? = 0
configure:3140: gcc -v >&5
Using built-in specs.
COLLECT_GCC=gcc
COLLECT_LTO_WRAPPER=/usr/libexec/gcc/x86_64-redhat-linux/4.6.2/lto-wrapper
Target: x86_64-redhat-linux
Configured with: ../configure --prefix=/usr --mandir=/usr/share/man --infodir=/usr/share/info --with-bugurl=http://bugzilla.redhat.com/bugzilla --enable-bootstrap --enable-shared --enable-threads=posix --enable-checking=release --with-system-zlib --enable-__cxa_atexit --disable-libunwind-exceptions --enable-gnu-unique-object --enable-linker-build-id --enable-languages=c,c++,objc,obj-c++,java,fortran,ada,go,lto --enable-plugin --enable-java-awt=gtk --disable-dssi --with-java-home=/usr/lib/jvm/java-1.5.0-gcj-1.5.0.0/jre --enable-libgcj-multifile --enable-java-maintainer-mode --with-ecj-jar=/usr/share/java/eclipse-ecj.jar --disable-libjava-multilib --with-ppl --with-cloog --with-tune=generic --with-arch_32=i686 --build=x86_64-redhat-linux
Thread model: posix
gcc version 4.6.2 20111027 (Red Hat 4.6.2-1) (GCC) 
configure:3144: $? = 0
configure:3151: gcc -V >&5
gcc: error: unrecognized option '-V'
gcc: fatal error: no input files
compilation terminated.
configure:3155: $? = 4
configure:3178: checking for C compiler default output file name
configure:3200: gcc    conftest.c  >&5
configure:3204: $? = 0
configure:3242: result: a.out
configure:3261: checking whether the C compiler works
configure:3271: ./a.out
configure:3275: $? = 0
configure:3294: result: yes
configure:3301: checking whether we are cross compiling
configure:3303: result: no
configure:3306: checking for suffix of executables
configure:3313: gcc -o conftest    conftest.c  >&5
configure:3317: $? = 0
configure:3343: result: 
configure:3349: checking for suffix of object files
configure:3375: gcc -c   conftest.c >&5
configure:3379: $? = 0
configure:3404: result: o
configure:3408: checking whether we are using the GNU C compiler
configure:3437: gcc -c   conftest.c >&5
configure:3444: $? = 0
configure:3461: result: yes
configure:3470: checking whether gcc accepts -g
configure:3500: gcc -c -g  conftest.c >&5
configure:3507: $? = 0
configure:3608: result: yes
configure:3625: checking for gcc option to accept ISO C89
configure:3699: gcc  -c -g -O2  conftest.c >&5
configure:3706: $? = 0
configure:3729: result: none needed
configure:3758: checking for style of include used by make
configure:3786: result: GNU
configure:3811: checking dependency style of gcc
configure:3921: result: gcc3
configure:3942: checking how to run the C preprocessor
configure:3982: gcc -E  conftest.c
configure:3989: $? = 0
configure:4020: gcc -E  conftest.c
conftest.c:10:28: fatal error: ac_nonexistent.h: No such file or directory
compilation terminated.
configure:4027: $? = 1
configure: failed program was:
| /* confdefs.h.  */
| #define PACKAGE_NAME "Caja-Actions"
| #define PACKAGE_TARNAME "caja-actions"
| #define PACKAGE_VERSION "2.30.3"
| #define PACKAGE_STRING "Caja-Actions 2.30.3"
| #define PACKAGE_BUGREPORT "maintainer@caja-actions.org"
| #define PACKAGE "caja-actions"
| #define VERSION "2.30.3"
| /* end confdefs.h.  */
| #include <ac_nonexistent.h>
configure:4060: result: gcc -E
configure:4089: gcc -E  conftest.c
configure:4096: $? = 0
configure:4127: gcc -E  conftest.c
conftest.c:10:28: fatal error: ac_nonexistent.h: No such file or directory
compilation terminated.
configure:4134: $? = 1
configure: failed program was:
| /* confdefs.h.  */
| #define PACKAGE_NAME "Caja-Actions"
| #define PACKAGE_TARNAME "caja-actions"
| #define PACKAGE_VERSION "2.30.3"
| #define PACKAGE_STRING "Caja-Actions 2.30.3"
| #define PACKAGE_BUGREPORT "maintainer@caja-actions.org"
| #define PACKAGE "caja-actions"
| #define VERSION "2.30.3"
| /* end confdefs.h.  */
| #include <ac_nonexistent.h>
configure:4174: checking for grep that handles long lines and -e
configure:4234: result: /bin/grep
configure:4239: checking for egrep
configure:4303: result: /bin/grep -E
configure:4309: checking whether gcc needs -traditional
configure:4351: result: no
configure:4358: checking for ANSI C header files
configure:4388: gcc -c -g -O2  conftest.c >&5
configure:4395: $? = 0
configure:4494: gcc -o conftest -g -O2   conftest.c  >&5
configure:4498: $? = 0
configure:4504: ./conftest
configure:4508: $? = 0
configure:4526: result: yes
configure:4583: checking for a BSD-compatible install
configure:4651: result: /usr/bin/install -c
configure:4662: checking whether make sets $(MAKE)
configure:4684: result: yes
configure:4821: checking what warning flags to pass to the C compiler
configure:4823: result: -Wall
configure:4834: checking what language compliance flags to pass to the C compiler
configure:4853: result:  -ansi -Wno-overlength-strings -Wformat=2
configure:4870: checking for glib-genmarshal
configure:4888: found /usr/bin/glib-genmarshal
configure:4900: result: /usr/bin/glib-genmarshal
configure:4935: checking for a sed that does not truncate output
configure:5001: result: /bin/sed
configure:5019: checking for fgrep
configure:5083: result: /bin/grep -F
configure:5118: checking for ld used by gcc
configure:5185: result: /usr/bin/ld
configure:5194: checking if the linker (/usr/bin/ld) is GNU ld
configure:5209: result: yes
configure:5221: checking for BSD- or MS-compatible name lister (nm)
configure:5270: result: /usr/bin/nm -B
configure:5388: checking the name lister (/usr/bin/nm -B) interface
configure:5395: gcc -c -g -O2  conftest.c >&5
configure:5398: /usr/bin/nm -B "conftest.o"
configure:5401: output
0000000000000000 B some_variable
configure:5408: result: BSD nm
configure:5411: checking whether ln -s works
configure:5415: result: yes
configure:5423: checking the maximum length of command line arguments
configure:5543: result: 1572864
configure:5560: checking whether the shell understands some XSI constructs
configure:5570: result: yes
configure:5574: checking whether the shell understands "+="
configure:5580: result: yes
configure:5615: checking for /usr/bin/ld option to reload object files
configure:5622: result: -r
configure:5651: checking for x86_64-unknown-linux-gnu-objdump
configure:5681: result: no
configure:5691: checking for objdump
configure:5707: found /usr/bin/objdump
configure:5718: result: objdump
configure:5750: checking how to recognize dependent libraries
configure:5946: result: pass_all
configure:5966: checking for x86_64-unknown-linux-gnu-ar
configure:5996: result: no
configure:6006: checking for ar
configure:6022: found /usr/bin/ar
configure:6033: result: ar
configure:6071: checking for x86_64-unknown-linux-gnu-strip
configure:6101: result: no
configure:6111: checking for strip
configure:6127: found /usr/bin/strip
configure:6138: result: strip
configure:6170: checking for x86_64-unknown-linux-gnu-ranlib
configure:6200: result: no
configure:6210: checking for ranlib
configure:6226: found /usr/bin/ranlib
configure:6237: result: ranlib
configure:6327: checking command to parse /usr/bin/nm -B output from gcc object
configure:6445: gcc -c -g -O2  conftest.c >&5
configure:6448: $? = 0
configure:6452: /usr/bin/nm -B conftest.o \| sed -n -e 's/^.*[	 ]\([ABCDGIRSTW][ABCDGIRSTW]*\)[	 ][	 ]*\([_A-Za-z][_A-Za-z0-9]*\)$/\1 \2 \2/p' \> conftest.nm
configure:6455: $? = 0
configure:6509: gcc -o conftest -g -O2   conftest.c conftstm.o >&5
configure:6512: $? = 0
configure:6550: result: ok
configure:6645: gcc -c -g -O2  conftest.c >&5
configure:6648: $? = 0
configure:7425: checking for sys/types.h
configure:7446: gcc -c -g -O2  conftest.c >&5
configure:7453: $? = 0
configure:7470: result: yes
configure:7425: checking for sys/stat.h
configure:7446: gcc -c -g -O2  conftest.c >&5
configure:7453: $? = 0
configure:7470: result: yes
configure:7425: checking for stdlib.h
configure:7446: gcc -c -g -O2  conftest.c >&5
configure:7453: $? = 0
configure:7470: result: yes
configure:7425: checking for string.h
configure:7446: gcc -c -g -O2  conftest.c >&5
configure:7453: $? = 0
configure:7470: result: yes
configure:7425: checking for memory.h
configure:7446: gcc -c -g -O2  conftest.c >&5
configure:7453: $? = 0
configure:7470: result: yes
configure:7425: checking for strings.h
configure:7446: gcc -c -g -O2  conftest.c >&5
configure:7453: $? = 0
configure:7470: result: yes
configure:7425: checking for inttypes.h
configure:7446: gcc -c -g -O2  conftest.c >&5
configure:7453: $? = 0
configure:7470: result: yes
configure:7425: checking for stdint.h
configure:7446: gcc -c -g -O2  conftest.c >&5
configure:7453: $? = 0
configure:7470: result: yes
configure:7425: checking for unistd.h
configure:7446: gcc -c -g -O2  conftest.c >&5
configure:7453: $? = 0
configure:7470: result: yes
configure:7488: checking for dlfcn.h
configure:7509: gcc -c -g -O2  conftest.c >&5
configure:7516: $? = 0
configure:7533: result: yes
configure:7689: checking for objdir
configure:7704: result: .libs
configure:8000: checking if gcc supports -fno-rtti -fno-exceptions
configure:8018: gcc -c -g -O2  -fno-rtti -fno-exceptions conftest.c >&5
cc1: warning: command line option '-fno-rtti' is valid for C++/ObjC++ but not for C [enabled by default]
configure:8022: $? = 0
configure:8035: result: no
configure:8055: checking for gcc option to produce PIC
configure:8327: result: -fPIC -DPIC
configure:8339: checking if gcc PIC flag -fPIC -DPIC works
configure:8357: gcc -c -g -O2  -fPIC -DPIC -DPIC conftest.c >&5
configure:8361: $? = 0
configure:8374: result: yes
configure:8398: checking if gcc static flag -static works
configure:8426: result: no
configure:8441: checking if gcc supports -c -o file.o
configure:8462: gcc -c -g -O2  -o out/conftest2.o conftest.c >&5
configure:8466: $? = 0
configure:8488: result: yes
configure:8496: checking if gcc supports -c -o file.o
configure:8543: result: yes
configure:8576: checking whether the gcc linker (/usr/bin/ld -m elf_x86_64) supports shared libraries
configure:9650: result: yes
configure:9687: checking whether -lc should be explicitly linked in
configure:9692: gcc -c -g -O2  conftest.c >&5
configure:9695: $? = 0
configure:9710: gcc -shared conftest.o  -v -Wl,-soname -Wl,conftest -o conftest 2\>\&1 \| /bin/grep  -lc  \>/dev/null 2\>\&1
configure:9713: $? = 0
configure:9725: result: no
configure:9889: checking dynamic linker characteristics
configure:10332: gcc -o conftest -g -O2   -Wl,-rpath -Wl,/foo conftest.c  >&5
configure:10339: $? = 0
configure:10575: result: GNU/Linux ld.so
configure:10677: checking how to hardcode library paths into programs
configure:10702: result: immediate
configure:11535: checking whether stripping libraries is possible
configure:11540: result: yes
configure:11575: checking if libtool supports shared libraries
configure:11577: result: yes
configure:11580: checking whether to build shared libraries
configure:11601: result: yes
configure:11604: checking whether to build static libraries
configure:11608: result: no
configure:11647: checking whether NLS is requested
configure:11656: result: yes
configure:11673: checking for intltool >= 0.35.5
configure:11680: result: 0.41.1 found
configure:11690: checking for intltool-update
configure:11708: found /usr/bin/intltool-update
configure:11720: result: /usr/bin/intltool-update
configure:11730: checking for intltool-merge
configure:11748: found /usr/bin/intltool-merge
configure:11760: result: /usr/bin/intltool-merge
configure:11770: checking for intltool-extract
configure:11788: found /usr/bin/intltool-extract
configure:11800: result: /usr/bin/intltool-extract
configure:11933: checking for xgettext
configure:11951: found /usr/bin/xgettext
configure:11963: result: /usr/bin/xgettext
configure:11973: checking for msgmerge
configure:11991: found /usr/bin/msgmerge
configure:12003: result: /usr/bin/msgmerge
configure:12013: checking for msgfmt
configure:12031: found /usr/bin/msgfmt
configure:12043: result: /usr/bin/msgfmt
configure:12053: checking for gmsgfmt
configure:12084: result: /usr/bin/msgfmt
configure:12108: checking for perl
configure:12126: found /usr/bin/perl
configure:12138: result: /usr/bin/perl
configure:12151: checking for perl >= 5.8.1
configure:12160: result: 5.14.2
configure:12164: checking for XML::Parser
configure:12167: result: ok
configure:12204: gcc -o conftest -g -O2   conftest.c  >&5
configure:12211: $? = 0
configure:12357: checking locale.h usability
configure:12374: gcc -c -g -O2  conftest.c >&5
configure:12381: $? = 0
configure:12395: result: yes
configure:12399: checking locale.h presence
configure:12414: gcc -E  conftest.c
configure:12421: $? = 0
configure:12435: result: yes
configure:12468: checking for locale.h
configure:12477: result: yes
configure:12493: checking for LC_MESSAGES
configure:12519: gcc -o conftest -g -O2   conftest.c  >&5
configure:12526: $? = 0
configure:12546: result: yes
configure:12575: checking libintl.h usability
configure:12592: gcc -c -g -O2  conftest.c >&5
configure:12599: $? = 0
configure:12613: result: yes
configure:12617: checking libintl.h presence
configure:12632: gcc -E  conftest.c
configure:12639: $? = 0
configure:12653: result: yes
configure:12686: checking for libintl.h
configure:12693: result: yes
configure:12704: checking for ngettext in libc
configure:12732: gcc -o conftest -g -O2   conftest.c  >&5
configure:12739: $? = 0
configure:12760: result: yes
configure:12764: checking for dgettext in libc
configure:12792: gcc -o conftest -g -O2   conftest.c  >&5
configure:12799: $? = 0
configure:12820: result: yes
configure:12829: checking for bind_textdomain_codeset
configure:12885: gcc -o conftest -g -O2   conftest.c  >&5
configure:12892: $? = 0
configure:12914: result: yes
configure:13430: checking for msgfmt
configure:13457: result: /usr/bin/msgfmt
configure:13470: checking for dcgettext
configure:13526: gcc -o conftest -g -O2   conftest.c   >&5
conftest.c:50:6: warning: conflicting types for built-in function 'dcgettext' [enabled by default]
configure:13533: $? = 0
configure:13555: result: yes
configure:13568: checking if msgfmt accepts -c
configure:13583: $MSGFMT -c -o /dev/null conftest.foo
configure:13586: $? = 0
configure:13588: result: yes
configure:13598: checking for gmsgfmt
configure:13629: result: /usr/bin/msgfmt
configure:13639: checking for xgettext
configure:13666: result: /usr/bin/xgettext
configure:13695: gcc -o conftest -g -O2   conftest.c   >&5
configure:13702: $? = 0
configure:13939: checking for mateconftool-2
configure:13957: found /usr/bin/mateconftool-2
configure:13970: result: /usr/bin/mateconftool-2
configure:13993: result: Using config source xml:merged:/etc/mateconf/mateconf.xml.defaults for schema installation
configure:14008: result: Using $(sysconfdir)/mateconf/schemas as install directory for schema files
configure:14055: checking for pkg-config
configure:14073: found /usr/bin/pkg-config
configure:14086: result: /usr/bin/pkg-config
configure:14106: checking for x86_64-unknown-linux-gnu-pkg-config
configure:14136: result: /usr/bin/pkg-config
configure:14204: checking pkg-config is at least version 0.9.0
configure:14207: result: yes
configure:14218: checking for CAJA_ACTIONS
configure:14236: $PKG_CONFIG --exists --print-errors "\
	glib-2.0				>= ${GLIB_REQUIRED}			\
	gmodule-2.0				>= ${GLIB_REQUIRED}			\
	gtk+-2.0				>= ${GTK_REQUIRED}			\
	mateconf-2.0				>= ${MATECONF_REQUIRED}		\
	libxml-2.0				>= ${LIBXML_REQUIRED}		\
	libcaja-extension	>= ${CAJA_EXTENSION}	\
	sm						>= 1.0.0					\
	uuid												\
	unique-1.0											\
	dbus-glib-1
"
configure:14250: $? = 0
configure:14285: $PKG_CONFIG --exists --print-errors "\
	glib-2.0				>= ${GLIB_REQUIRED}			\
	gmodule-2.0				>= ${GLIB_REQUIRED}			\
	gtk+-2.0				>= ${GTK_REQUIRED}			\
	mateconf-2.0				>= ${MATECONF_REQUIRED}		\
	libxml-2.0				>= ${LIBXML_REQUIRED}		\
	libcaja-extension	>= ${CAJA_EXTENSION}	\
	sm						>= 1.0.0					\
	uuid												\
	unique-1.0											\
	dbus-glib-1
"
configure:14299: $? = 0
configure:14431: result: yes
configure:14539: installing plugin in /usr/lib64/caja/extensions-2.0
configure:14559: checking for caja_menu_item_new in -lcaja-extension
configure:14594: gcc -o conftest -g -O2   conftest.c -lcaja-extension   >&5
configure:14601: $? = 0
configure:14622: result: yes
configure:14637: checking for caja_menu_provider_emit_items_updated_signal
configure:14693: gcc -o conftest -g -O2   conftest.c -lcaja-extension  >&5
configure:14700: $? = 0
configure:14722: result: yes
configure:14877: creating ./config.status

## ---------------------- ##
## Running config.status. ##
## ---------------------- ##

This file was extended by Caja-Actions config.status 2.30.3, which was
generated by GNU Autoconf 2.63.  Invocation command line was

  CONFIG_FILES    = 
  CONFIG_HEADERS  = 
  CONFIG_LINKS    = 
  CONFIG_COMMANDS = 
  $ ./config.status 

on mother

config.status:1121: creating Makefile
config.status:1121: creating data/Makefile
config.status:1121: creating doc/Makefile
config.status:1121: creating m4/Makefile
config.status:1121: creating icons/Makefile
config.status:1121: creating icons/16x16/Makefile
config.status:1121: creating icons/22x22/Makefile
config.status:1121: creating icons/32x32/Makefile
config.status:1121: creating icons/48x48/Makefile
config.status:1121: creating icons/scalable/Makefile
config.status:1121: creating src/Makefile
config.status:1121: creating src/api/Makefile
config.status:1121: creating src/core/Makefile
config.status:1121: creating src/io-desktop/Makefile
config.status:1121: creating src/io-mateconf/Makefile
config.status:1121: creating src/io-xml/Makefile
config.status:1121: creating src/plugin-menu/Makefile
config.status:1121: creating src/plugin-tracker/Makefile
config.status:1121: creating src/nact/Makefile
config.status:1121: creating src/test/Makefile
config.status:1121: creating src/utils/Makefile
config.status:1121: creating po/Makefile.in
config.status:1121: creating src/config.h
config.status:1343: src/config.h is unchanged
config.status:1395: executing depfiles commands
config.status:1395: executing libtool commands
config.status:1395: executing default-1 commands
config.status:1395: executing po/stamp-it commands

## ---------------- ##
## Cache variables. ##
## ---------------- ##

ac_cv_build=x86_64-unknown-linux-gnu
ac_cv_c_compiler_gnu=yes
ac_cv_env_CAJA_ACTIONS_CFLAGS_set=
ac_cv_env_CAJA_ACTIONS_CFLAGS_value=
ac_cv_env_CAJA_ACTIONS_LIBS_set=
ac_cv_env_CAJA_ACTIONS_LIBS_value=
ac_cv_env_CC_set=
ac_cv_env_CC_value=
ac_cv_env_CFLAGS_set=
ac_cv_env_CFLAGS_value=
ac_cv_env_CPPFLAGS_set=
ac_cv_env_CPPFLAGS_value=
ac_cv_env_CPP_set=
ac_cv_env_CPP_value=
ac_cv_env_LDFLAGS_set=
ac_cv_env_LDFLAGS_value=
ac_cv_env_LIBS_set=
ac_cv_env_LIBS_value=
ac_cv_env_PKG_CONFIG_set=
ac_cv_env_PKG_CONFIG_value=
ac_cv_env_build_alias_set=set
ac_cv_env_build_alias_value=x86_64-unknown-linux-gnu
ac_cv_env_host_alias_set=set
ac_cv_env_host_alias_value=x86_64-unknown-linux-gnu
ac_cv_env_target_alias_set=set
ac_cv_env_target_alias_value=x86_64-unknown-linux-gnu
ac_cv_func_bind_textdomain_codeset=yes
ac_cv_func_caja_menu_provider_emit_items_updated_signal=yes
ac_cv_func_dcgettext=yes
ac_cv_header_dlfcn_h=yes
ac_cv_header_inttypes_h=yes
ac_cv_header_libintl_h=yes
ac_cv_header_locale_h=yes
ac_cv_header_memory_h=yes
ac_cv_header_stdc=yes
ac_cv_header_stdint_h=yes
ac_cv_header_stdlib_h=yes
ac_cv_header_string_h=yes
ac_cv_header_strings_h=yes
ac_cv_header_sys_stat_h=yes
ac_cv_header_sys_types_h=yes
ac_cv_header_unistd_h=yes
ac_cv_host=x86_64-unknown-linux-gnu
ac_cv_lib_caja_extension_caja_menu_item_new=yes
ac_cv_objext=o
ac_cv_path_EGREP='/bin/grep -E'
ac_cv_path_FGREP='/bin/grep -F'
ac_cv_path_GLIB_GENMARSHAL=/usr/bin/glib-genmarshal
ac_cv_path_GMSGFMT=/usr/bin/msgfmt
ac_cv_path_GREP=/bin/grep
ac_cv_path_INTLTOOL_EXTRACT=/usr/bin/intltool-extract
ac_cv_path_INTLTOOL_MERGE=/usr/bin/intltool-merge
ac_cv_path_INTLTOOL_PERL=/usr/bin/perl
ac_cv_path_INTLTOOL_UPDATE=/usr/bin/intltool-update
ac_cv_path_MATECONFTOOL=/usr/bin/mateconftool-2
ac_cv_path_MSGFMT=/usr/bin/msgfmt
ac_cv_path_MSGMERGE=/usr/bin/msgmerge
ac_cv_path_PKG_CONFIG=/usr/bin/pkg-config
ac_cv_path_SED=/bin/sed
ac_cv_path_XGETTEXT=/usr/bin/xgettext
ac_cv_path_install='/usr/bin/install -c'
ac_cv_path_mkdir=/bin/mkdir
ac_cv_prog_AWK=gawk
ac_cv_prog_CPP='gcc -E'
ac_cv_prog_ac_ct_AR=ar
ac_cv_prog_ac_ct_CC=gcc
ac_cv_prog_ac_ct_OBJDUMP=objdump
ac_cv_prog_ac_ct_RANLIB=ranlib
ac_cv_prog_ac_ct_STRIP=strip
ac_cv_prog_cc_c89=
ac_cv_prog_cc_g=yes
ac_cv_prog_gcc_traditional=no
ac_cv_prog_make_make_set=yes
ac_cv_target=x86_64-unknown-linux-gnu
am_cv_CC_dependencies_compiler_type=gcc3
am_cv_val_LC_MESSAGES=yes
gt_cv_func_dgettext_libc=yes
gt_cv_func_dgettext_libintl=no
gt_cv_func_ngettext_libc=yes
gt_cv_have_gettext=yes
lt_cv_deplibs_check_method=pass_all
lt_cv_file_magic_cmd='$MAGIC_CMD'
lt_cv_file_magic_test_file=
lt_cv_ld_reload_flag=-r
lt_cv_nm_interface='BSD nm'
lt_cv_objdir=.libs
lt_cv_path_LD=/usr/bin/ld
lt_cv_path_NM='/usr/bin/nm -B'
lt_cv_prog_compiler_c_o=yes
lt_cv_prog_compiler_pic_works=yes
lt_cv_prog_compiler_rtti_exceptions=no
lt_cv_prog_compiler_static_works=no
lt_cv_prog_gnu_ld=yes
lt_cv_sys_global_symbol_pipe='sed -n -e '\''s/^.*[	 ]\([ABCDGIRSTW][ABCDGIRSTW]*\)[	 ][	 ]*\([_A-Za-z][_A-Za-z0-9]*\)$/\1 \2 \2/p'\'''
lt_cv_sys_global_symbol_to_c_name_address='sed -n -e '\''s/^: \([^ ]*\) $/  {\"\1\", (void *) 0},/p'\'' -e '\''s/^[ABCDGIRSTW]* \([^ ]*\) \([^ ]*\)$/  {"\2", (void *) \&\2},/p'\'''
lt_cv_sys_global_symbol_to_c_name_address_lib_prefix='sed -n -e '\''s/^: \([^ ]*\) $/  {\"\1\", (void *) 0},/p'\'' -e '\''s/^[ABCDGIRSTW]* \([^ ]*\) \(lib[^ ]*\)$/  {"\2", (void *) \&\2},/p'\'' -e '\''s/^[ABCDGIRSTW]* \([^ ]*\) \([^ ]*\)$/  {"lib\2", (void *) \&\2},/p'\'''
lt_cv_sys_global_symbol_to_cdecl='sed -n -e '\''s/^T .* \(.*\)$/extern int \1();/p'\'' -e '\''s/^[ABCDGIRSTW]* .* \(.*\)$/extern char \1;/p'\'''
lt_cv_sys_max_cmd_len=1572864
pkg_cv_CAJA_ACTIONS_CFLAGS='-pthread -DMATECORBA2=1 -I/usr/include/glib-2.0 -I/usr/lib64/glib-2.0/include -I/usr/include/gtk-2.0 -I/usr/lib64/gtk-2.0/include -I/usr/include/atk-1.0 -I/usr/include/cairo -I/usr/include/gdk-pixbuf-2.0 -I/usr/include/pango-1.0 -I/usr/include/pixman-1 -I/usr/include/freetype2 -I/usr/include/libpng12 -I/usr/include/mateconf/2 -I/usr/include/matecorba-2.0 -I/usr/include/libxml2 -I/usr/include/caja -I/usr/include/uuid -I/usr/include/unique-1.0 -I/usr/include/dbus-1.0 -I/usr/lib64/dbus-1.0/include  '
pkg_cv_CAJA_ACTIONS_LIBS='-Wl,--export-dynamic -pthread -L/lib64 -lmateconf-2 -lxml2 -lcaja-extension -lSM -lICE -luuid -lunique-1.0 -lgtk-x11-2.0 -lgdk-x11-2.0 -latk-1.0 -lgio-2.0 -lpangoft2-1.0 -lpangocairo-1.0 -lgdk_pixbuf-2.0 -lcairo -lpango-1.0 -lfreetype -lfontconfig -lgmodule-2.0 -ldbus-glib-1 -ldbus-1 -lpthread -lgobject-2.0 -lgthread-2.0 -lrt -lglib-2.0  '

## ----------------- ##
## Output variables. ##
## ----------------- ##

ACLOCAL='${SHELL} /media/Jackass/Downloads/fc16/nautilus-actions-2.30.3-1.fc14.src/caja-actions-2.30.3/missing --run aclocal-1.11'
ACLOCAL_AMFLAGS='${ACLOCAL_FLAGS}'
ALL_LINGUAS=''
AMDEPBACKSLASH='\'
AMDEP_FALSE='#'
AMDEP_TRUE=''
AMTAR='${SHELL} /media/Jackass/Downloads/fc16/nautilus-actions-2.30.3-1.fc14.src/caja-actions-2.30.3/missing --run tar'
AM_CFLAGS=' -Wall  -ansi -Wno-overlength-strings -Wformat=2'
AM_CPPFLAGS=' '
AR='ar'
AUTOCONF='${SHELL} /media/Jackass/Downloads/fc16/nautilus-actions-2.30.3-1.fc14.src/caja-actions-2.30.3/missing --run autoconf'
AUTOHEADER='${SHELL} /media/Jackass/Downloads/fc16/nautilus-actions-2.30.3-1.fc14.src/caja-actions-2.30.3/missing --run autoheader'
AUTOMAKE='${SHELL} /media/Jackass/Downloads/fc16/nautilus-actions-2.30.3-1.fc14.src/caja-actions-2.30.3/missing --run automake-1.11'
AWK='gawk'
CAJA_ACTIONS_CFLAGS='-pthread -DMATECORBA2=1 -I/usr/include/glib-2.0 -I/usr/lib64/glib-2.0/include -I/usr/include/gtk-2.0 -I/usr/lib64/gtk-2.0/include -I/usr/include/atk-1.0 -I/usr/include/cairo -I/usr/include/gdk-pixbuf-2.0 -I/usr/include/pango-1.0 -I/usr/include/pixman-1 -I/usr/include/freetype2 -I/usr/include/libpng12 -I/usr/include/mateconf/2 -I/usr/include/matecorba-2.0 -I/usr/include/libxml2 -I/usr/include/caja -I/usr/include/uuid -I/usr/include/unique-1.0 -I/usr/include/dbus-1.0 -I/usr/lib64/dbus-1.0/include  '
CAJA_ACTIONS_LIBS='-Wl,--export-dynamic -pthread -L/lib64 -lmateconf-2 -lxml2 -lcaja-extension -lSM -lICE -luuid -lunique-1.0 -lgtk-x11-2.0 -lgdk-x11-2.0 -latk-1.0 -lgio-2.0 -lpangoft2-1.0 -lpangocairo-1.0 -lgdk_pixbuf-2.0 -lcairo -lpango-1.0 -lfreetype -lfontconfig -lgmodule-2.0 -ldbus-glib-1 -ldbus-1 -lpthread -lgobject-2.0 -lgthread-2.0 -lrt -lglib-2.0  '
CAJA_EXTENSIONS_DIR='/usr/lib64/caja/extensions-2.0'
CATALOGS=''
CATOBJEXT='.gmo'
CC='gcc'
CCDEPMODE='depmode=gcc3'
CFLAGS='-g -O2'
CPP='gcc -E'
CPPFLAGS=''
CYGPATH_W='echo'
DATADIRNAME='share'
DEFS='-DHAVE_CONFIG_H'
DEPDIR='.deps'
DISABLE_DEPRECATED=''
DSYMUTIL=''
DUMPBIN=''
ECHO_C=''
ECHO_N='-n'
ECHO_T=''
EGREP='/bin/grep -E'
EXEEXT=''
FGREP='/bin/grep -F'
GETTEXT_PACKAGE='caja-actions'
GLIB_GENMARSHAL='/usr/bin/glib-genmarshal'
GMOFILES=''
GMSGFMT='/usr/bin/msgfmt'
GREP='/bin/grep'
INSTALL_DATA='${INSTALL} -m 644'
INSTALL_PROGRAM='${INSTALL}'
INSTALL_SCRIPT='${INSTALL}'
INSTALL_STRIP_PROGRAM='$(install_sh) -c -s'
INSTOBJEXT='.mo'
INTLLIBS=''
INTLTOOL_CAVES_RULE='%.caves:     %.caves.in     $(INTLTOOL_MERGE) $(wildcard $(top_srcdir)/po/*.po) ; LC_ALL=C $(INTLTOOL_MERGE) -d -u -c $(top_builddir)/po/.intltool-merge-cache $(top_srcdir)/po $< $@'
INTLTOOL_DESKTOP_RULE='%.desktop:   %.desktop.in   $(INTLTOOL_MERGE) $(wildcard $(top_srcdir)/po/*.po) ; LC_ALL=C $(INTLTOOL_MERGE) -d -u -c $(top_builddir)/po/.intltool-merge-cache $(top_srcdir)/po $< $@'
INTLTOOL_DIRECTORY_RULE='%.directory: %.directory.in $(INTLTOOL_MERGE) $(wildcard $(top_srcdir)/po/*.po) ; LC_ALL=C $(INTLTOOL_MERGE) -d -u -c $(top_builddir)/po/.intltool-merge-cache $(top_srcdir)/po $< $@'
INTLTOOL_EXTRACT='/usr/bin/intltool-extract'
INTLTOOL_KBD_RULE='%.kbd:       %.kbd.in       $(INTLTOOL_MERGE) $(wildcard $(top_srcdir)/po/*.po) ; LC_ALL=C $(INTLTOOL_MERGE) -x -u -m -c $(top_builddir)/po/.intltool-merge-cache $(top_srcdir)/po $< $@'
INTLTOOL_KEYS_RULE='%.keys:      %.keys.in      $(INTLTOOL_MERGE) $(wildcard $(top_srcdir)/po/*.po) ; LC_ALL=C $(INTLTOOL_MERGE) -k -u -c $(top_builddir)/po/.intltool-merge-cache $(top_srcdir)/po $< $@'
INTLTOOL_MERGE='/usr/bin/intltool-merge'
INTLTOOL_OAF_RULE='%.oaf:       %.oaf.in       $(INTLTOOL_MERGE) $(wildcard $(top_srcdir)/po/*.po) ; LC_ALL=C $(INTLTOOL_MERGE) -o -p $(top_srcdir)/po $< $@'
INTLTOOL_PERL='/usr/bin/perl'
INTLTOOL_POLICY_RULE='%.policy:    %.policy.in    $(INTLTOOL_MERGE) $(wildcard $(top_srcdir)/po/*.po) ; LC_ALL=C $(INTLTOOL_MERGE) -x -u -c $(top_builddir)/po/.intltool-merge-cache $(top_srcdir)/po $< $@'
INTLTOOL_PONG_RULE='%.pong:      %.pong.in      $(INTLTOOL_MERGE) $(wildcard $(top_srcdir)/po/*.po) ; LC_ALL=C $(INTLTOOL_MERGE) -x -u -c $(top_builddir)/po/.intltool-merge-cache $(top_srcdir)/po $< $@'
INTLTOOL_PROP_RULE='%.prop:      %.prop.in      $(INTLTOOL_MERGE) $(wildcard $(top_srcdir)/po/*.po) ; LC_ALL=C $(INTLTOOL_MERGE) -d -u -c $(top_builddir)/po/.intltool-merge-cache $(top_srcdir)/po $< $@'
INTLTOOL_SCHEMAS_RULE='%.schemas:   %.schemas.in   $(INTLTOOL_MERGE) $(wildcard $(top_srcdir)/po/*.po) ; LC_ALL=C $(INTLTOOL_MERGE) -s -u -c $(top_builddir)/po/.intltool-merge-cache $(top_srcdir)/po $< $@'
INTLTOOL_SERVER_RULE='%.server:    %.server.in    $(INTLTOOL_MERGE) $(wildcard $(top_srcdir)/po/*.po) ; LC_ALL=C $(INTLTOOL_MERGE) -o -u -c $(top_builddir)/po/.intltool-merge-cache $(top_srcdir)/po $< $@'
INTLTOOL_SERVICE_RULE='%.service: %.service.in   $(INTLTOOL_MERGE) $(wildcard $(top_srcdir)/po/*.po) ; LC_ALL=C $(INTLTOOL_MERGE) -d -u -c $(top_builddir)/po/.intltool-merge-cache $(top_srcdir)/po $< $@'
INTLTOOL_SHEET_RULE='%.sheet:     %.sheet.in     $(INTLTOOL_MERGE) $(wildcard $(top_srcdir)/po/*.po) ; LC_ALL=C $(INTLTOOL_MERGE) -x -u -c $(top_builddir)/po/.intltool-merge-cache $(top_srcdir)/po $< $@'
INTLTOOL_SOUNDLIST_RULE='%.soundlist: %.soundlist.in $(INTLTOOL_MERGE) $(wildcard $(top_srcdir)/po/*.po) ; LC_ALL=C $(INTLTOOL_MERGE) -d -u -c $(top_builddir)/po/.intltool-merge-cache $(top_srcdir)/po $< $@'
INTLTOOL_THEME_RULE='%.theme:     %.theme.in     $(INTLTOOL_MERGE) $(wildcard $(top_srcdir)/po/*.po) ; LC_ALL=C $(INTLTOOL_MERGE) -d -u -c $(top_builddir)/po/.intltool-merge-cache $(top_srcdir)/po $< $@'
INTLTOOL_UI_RULE='%.ui:        %.ui.in        $(INTLTOOL_MERGE) $(wildcard $(top_srcdir)/po/*.po) ; LC_ALL=C $(INTLTOOL_MERGE) -x -u -c $(top_builddir)/po/.intltool-merge-cache $(top_srcdir)/po $< $@'
INTLTOOL_UPDATE='/usr/bin/intltool-update'
INTLTOOL_XAM_RULE='%.xam:       %.xml.in       $(INTLTOOL_MERGE) $(wildcard $(top_srcdir)/po/*.po) ; LC_ALL=C $(INTLTOOL_MERGE) -x -u -c $(top_builddir)/po/.intltool-merge-cache $(top_srcdir)/po $< $@'
INTLTOOL_XML_NOMERGE_RULE='%.xml:       %.xml.in       $(INTLTOOL_MERGE) ; LC_ALL=C $(INTLTOOL_MERGE) -x -u /tmp $< $@'
INTLTOOL_XML_RULE='%.xml:       %.xml.in       $(INTLTOOL_MERGE) $(wildcard $(top_srcdir)/po/*.po) ; LC_ALL=C $(INTLTOOL_MERGE) -x -u -c $(top_builddir)/po/.intltool-merge-cache $(top_srcdir)/po $< $@'
LD='/usr/bin/ld -m elf_x86_64'
LDFLAGS=''
LIBOBJS=''
LIBS='-lcaja-extension '
LIBTOOL='$(SHELL) $(top_builddir)/libtool'
LIPO=''
LN_S='ln -s'
LTLIBOBJS=''
MAINT='#'
MAINTAINER_MODE_FALSE=''
MAINTAINER_MODE_TRUE='#'
MAKEINFO='${SHELL} /media/Jackass/Downloads/fc16/nautilus-actions-2.30.3-1.fc14.src/caja-actions-2.30.3/missing --run makeinfo'
MATECONFTOOL='/usr/bin/mateconftool-2'
MATECONF_SCHEMAS_INSTALL_FALSE='#'
MATECONF_SCHEMAS_INSTALL_TRUE=''
MATECONF_SCHEMA_CONFIG_SOURCE='xml:merged:/etc/mateconf/mateconf.xml.defaults'
MATECONF_SCHEMA_FILE_DIR='$(sysconfdir)/mateconf/schemas'
MKDIR_P='/bin/mkdir -p'
MKINSTALLDIRS='./mkinstalldirs'
MSGFMT='/usr/bin/msgfmt'
MSGFMT_OPTS='-c'
MSGMERGE='/usr/bin/msgmerge'
NA_LOGDOMAIN_CORE='NA-core'
NA_LOGDOMAIN_IO_DESKTOP='NA-io-desktop'
NA_LOGDOMAIN_IO_MATECONF='NA-io-mateconf'
NA_LOGDOMAIN_IO_XML='NA-io-xml'
NA_LOGDOMAIN_NACT='NA-nact'
NA_LOGDOMAIN_PLUGIN_MENU='NA-plugin-menu'
NA_LOGDOMAIN_PLUGIN_TRACKER='NA-plugin-tracker'
NA_LOGDOMAIN_TEST='NA-test'
NA_LOGDOMAIN_UTILS='NA-utils'
NM='/usr/bin/nm -B'
NMEDIT=''
OBJDUMP='objdump'
OBJEXT='o'
OTOOL64=''
OTOOL=''
PACKAGE='caja-actions'
PACKAGE_BUGREPORT='maintainer@caja-actions.org'
PACKAGE_NAME='Caja-Actions'
PACKAGE_STRING='Caja-Actions 2.30.3'
PACKAGE_TARNAME='caja-actions'
PACKAGE_VERSION='2.30.3'
PATH_SEPARATOR=':'
PKG_CONFIG='/usr/bin/pkg-config'
POFILES=''
POSUB='po'
PO_IN_DATADIR_FALSE=''
PO_IN_DATADIR_TRUE=''
RANLIB='ranlib'
SED='/bin/sed'
SET_MAKE=''
SHELL='/bin/sh'
STRIP='strip'
USE_NLS='yes'
VERSION='2.30.3'
WARN_CFLAGS='-Wall  -ansi -Wno-overlength-strings -Wformat=2'
XGETTEXT='/usr/bin/xgettext'
ac_ct_CC='gcc'
ac_ct_DUMPBIN=''
am__EXEEXT_FALSE=''
am__EXEEXT_TRUE='#'
am__fastdepCC_FALSE='#'
am__fastdepCC_TRUE=''
am__include='include'
am__isrc=''
am__leading_dot='.'
am__quote=''
am__tar='${AMTAR} chof - "$$tardir"'
am__untar='${AMTAR} xf -'
bindir='/usr/bin'
build='x86_64-unknown-linux-gnu'
build_alias='x86_64-unknown-linux-gnu'
build_cpu='x86_64'
build_os='linux-gnu'
build_vendor='unknown'
datadir='/usr/share'
datarootdir='${prefix}/share'
docdir='${datarootdir}/doc/${PACKAGE_TARNAME}'
dvidir='${docdir}'
exec_prefix='/usr'
host='x86_64-unknown-linux-gnu'
host_alias='x86_64-unknown-linux-gnu'
host_cpu='x86_64'
host_os='linux-gnu'
host_vendor='unknown'
htmldir='${docdir}'
includedir='/usr/include'
infodir='/usr/share/info'
install_sh='${SHELL} /media/Jackass/Downloads/fc16/nautilus-actions-2.30.3-1.fc14.src/caja-actions-2.30.3/install-sh'
libdir='/usr/lib64'
libexecdir='/usr/libexec'
localedir='${datarootdir}/locale'
localstatedir='/var'
lt_ECHO='echo'
mandir='/usr/share/man'
mkdir_p='/bin/mkdir -p'
oldincludedir='/usr/include'
pdfdir='${docdir}'
prefix='/usr'
program_transform_name='s&^&&'
psdir='${docdir}'
sbindir='/usr/sbin'
sharedstatedir='/var/lib'
sysconfdir='/etc'
target='x86_64-unknown-linux-gnu'
target_alias='x86_64-unknown-linux-gnu'
target_cpu='x86_64'
target_os='linux-gnu'
target_vendor='unknown'

## ----------- ##
## confdefs.h. ##
## ----------- ##

#define PACKAGE_NAME "Caja-Actions"
#define PACKAGE_TARNAME "caja-actions"
#define PACKAGE_VERSION "2.30.3"
#define PACKAGE_STRING "Caja-Actions 2.30.3"
#define PACKAGE_BUGREPORT "maintainer@caja-actions.org"
#define PACKAGE "caja-actions"
#define VERSION "2.30.3"
#define STDC_HEADERS 1
#define HAVE_SYS_TYPES_H 1
#define HAVE_SYS_STAT_H 1
#define HAVE_STDLIB_H 1
#define HAVE_STRING_H 1
#define HAVE_MEMORY_H 1
#define HAVE_STRINGS_H 1
#define HAVE_INTTYPES_H 1
#define HAVE_STDINT_H 1
#define HAVE_UNISTD_H 1
#define HAVE_DLFCN_H 1
#define LT_OBJDIR ".libs/"
#define GETTEXT_PACKAGE "caja-actions"
#define HAVE_LOCALE_H 1
#define HAVE_LC_MESSAGES 1
#define HAVE_BIND_TEXTDOMAIN_CODESET 1
#define HAVE_GETTEXT 1
#define HAVE_DCGETTEXT 1
#define ENABLE_NLS 1
#define NA_LOGDOMAIN_IO_DESKTOP "NA-io-desktop"
#define NA_LOGDOMAIN_IO_MATECONF "NA-io-mateconf"
#define NA_LOGDOMAIN_IO_XML "NA-io-xml"
#define NA_LOGDOMAIN_CORE "NA-core"
#define NA_LOGDOMAIN_NACT "NA-nact"
#define NA_LOGDOMAIN_PLUGIN_MENU "NA-plugin-menu"
#define NA_LOGDOMAIN_PLUGIN_TRACKER "NA-plugin-tracker"
#define NA_LOGDOMAIN_TEST "NA-test"
#define NA_LOGDOMAIN_UTILS "NA-utils"
#define HAVE_LIBCAJA_EXTENSION 1
#define HAVE_CAJA_MENU_PROVIDER_EMIT_ITEMS_UPDATED_SIGNAL 1

configure: exit 0
